<?xml version="1.0" encoding="UTF-8"?>
<!-- Generated by org.testng.reporters.JUnitReportReporter -->
<testsuite hostname="DESKTOP-2MLHM17" name="test.TestRunner" tests="1" failures="0" timestamp="16 Jul 2020 05:53:52 GMT" time="53.555" errors="0">
  <testcase name="feature" time="53.555" classname="test.TestRunner"/>
</testsuite> <!-- test.TestRunner -->
